[ 2015-08-07T09:22:43+08:00 ] 127.0.0.1 /order/admin.php/Home/Index/index.html
INFO: [ app_init ] --START--
INFO: Run Behavior\BuildLiteBehavior [ RunTime:0.000000s ]
INFO: [ app_init ] --END-- [ RunTime:0.001000s ]
INFO: [ app_begin ] --START--
INFO: Run Behavior\ReadHtmlCacheBehavior [ RunTime:0.000000s ]
INFO: [ app_begin ] --END-- [ RunTime:0.000000s ]
NOTIC: [8] A session had already been started - ignoring session_start() D:\wamp\www\order\ThinkPHP\Common\functions.php 第 1263 行.
INFO: [ view_parse ] --START--
INFO: [ template_filter ] --START--
INFO: Run Behavior\ContentReplaceBehavior [ RunTime:0.000000s ]
INFO: [ template_filter ] --END-- [ RunTime:0.000000s ]
INFO: Run Behavior\ParseTemplateBehavior [ RunTime:0.010001s ]
INFO: [ view_parse ] --END-- [ RunTime:0.010001s ]
INFO: [ view_filter ] --START--
INFO: Run Behavior\WriteHtmlCacheBehavior [ RunTime:0.000000s ]
INFO: [ view_filter ] --END-- [ RunTime:0.000000s ]
INFO: [ app_end ] --START--
INFO: Run Behavior\ShowPageTraceBehavior [ RunTime:0.000000s ]
INFO: [ app_end ] --END-- [ RunTime:0.000000s ]

[ 2015-08-07T09:22:43+08:00 ] 127.0.0.1 /order/admin.php/Home/Common/verify
INFO: [ app_init ] --START--
INFO: Run Behavior\BuildLiteBehavior [ RunTime:0.000000s ]
INFO: [ app_init ] --END-- [ RunTime:0.001000s ]
INFO: [ app_begin ] --START--
INFO: Run Behavior\ReadHtmlCacheBehavior [ RunTime:0.001000s ]
INFO: [ app_begin ] --END-- [ RunTime:0.001000s ]
NOTIC: [8] A session had already been started - ignoring session_start() D:\wamp\www\order\ThinkPHP\Common\functions.php 第 1263 行.
INFO: [ app_end ] --START--
INFO: Run Behavior\ShowPageTraceBehavior [ RunTime:0.001000s ]
INFO: [ app_end ] --END-- [ RunTime:0.001000s ]

[ 2015-08-07T09:22:49+08:00 ] 127.0.0.1 /order/admin.php/Home/Index/login
INFO: [ app_init ] --START--
INFO: Run Behavior\BuildLiteBehavior [ RunTime:0.000000s ]
INFO: [ app_init ] --END-- [ RunTime:0.000000s ]
INFO: [ app_begin ] --START--
INFO: Run Behavior\ReadHtmlCacheBehavior [ RunTime:0.000000s ]
INFO: [ app_begin ] --END-- [ RunTime:0.000000s ]
NOTIC: [8] A session had already been started - ignoring session_start() D:\wamp\www\order\ThinkPHP\Common\functions.php 第 1263 行.
SQL: SHOW COLUMNS FROM `think_user` [ RunTime:0.0220s ]
SQL: SELECT * FROM `think_user` WHERE ( username = 'q'AND password = 'b2ca678b4c936f905fb82f2733f5297f' ) LIMIT 1   [ RunTime:0.0050s ]
NOTIC: [8] Use of undefined constant username - assumed 'username' D:\wamp\www\order\Admin\Home\Controller\IndexController.class.php 第 36 行.

[ 2015-08-07T09:22:49+08:00 ] 127.0.0.1 /order/admin.php/Home/OrderIndex/index.html
INFO: [ app_init ] --START--
INFO: Run Behavior\BuildLiteBehavior [ RunTime:0.000000s ]
INFO: [ app_init ] --END-- [ RunTime:0.001000s ]
INFO: [ app_begin ] --START--
INFO: Run Behavior\ReadHtmlCacheBehavior [ RunTime:0.001000s ]
INFO: [ app_begin ] --END-- [ RunTime:0.001000s ]
NOTIC: [8] A session had already been started - ignoring session_start() D:\wamp\www\order\ThinkPHP\Common\functions.php 第 1263 行.
SQL: SHOW COLUMNS FROM `think_order` [ RunTime:0.0840s ]
SQL: SELECT COUNT(*) AS tp_count FROM `think_order` LIMIT 1   [ RunTime:0.0010s ]
SQL: SELECT * FROM `think_order`  [ RunTime:0.0010s ]
NOTIC: [8] Undefined variable: list D:\wamp\www\order\Admin\Home\Controller\OrderIndexController.class.php 第 23 行.
NOTIC: [8] Use of undefined constant order_time - assumed 'order_time' D:\wamp\www\order\Admin\Home\Controller\OrderIndexController.class.php 第 50 行.
NOTIC: [8] Use of undefined constant order_time - assumed 'order_time' D:\wamp\www\order\Admin\Home\Controller\OrderIndexController.class.php 第 50 行.
NOTIC: [8] Use of undefined constant order_time - assumed 'order_time' D:\wamp\www\order\Admin\Home\Controller\OrderIndexController.class.php 第 50 行.
NOTIC: [8] Use of undefined constant order_time - assumed 'order_time' D:\wamp\www\order\Admin\Home\Controller\OrderIndexController.class.php 第 50 行.
NOTIC: [8] Use of undefined constant order_time - assumed 'order_time' D:\wamp\www\order\Admin\Home\Controller\OrderIndexController.class.php 第 50 行.
NOTIC: [8] Use of undefined constant order_time - assumed 'order_time' D:\wamp\www\order\Admin\Home\Controller\OrderIndexController.class.php 第 50 行.
NOTIC: [8] Use of undefined constant order_time - assumed 'order_time' D:\wamp\www\order\Admin\Home\Controller\OrderIndexController.class.php 第 50 行.
NOTIC: [8] Use of undefined constant order_time - assumed 'order_time' D:\wamp\www\order\Admin\Home\Controller\OrderIndexController.class.php 第 50 行.
INFO: [ view_parse ] --START--
INFO: [ template_filter ] --START--
INFO: Run Behavior\ContentReplaceBehavior [ RunTime:0.000000s ]
INFO: [ template_filter ] --END-- [ RunTime:0.000000s ]
INFO: Run Behavior\ParseTemplateBehavior [ RunTime:0.018001s ]
INFO: [ view_parse ] --END-- [ RunTime:0.018001s ]
INFO: [ view_filter ] --START--
INFO: Run Behavior\WriteHtmlCacheBehavior [ RunTime:0.000000s ]
INFO: [ view_filter ] --END-- [ RunTime:0.000000s ]
INFO: [ app_end ] --START--
INFO: Run Behavior\ShowPageTraceBehavior [ RunTime:0.001000s ]
INFO: [ app_end ] --END-- [ RunTime:0.002000s ]

[ 2015-08-07T09:22:53+08:00 ] 127.0.0.1 /order/admin.php/Home/StartOrder/index
INFO: [ app_init ] --START--
INFO: Run Behavior\BuildLiteBehavior [ RunTime:0.000000s ]
INFO: [ app_init ] --END-- [ RunTime:0.000000s ]
INFO: [ app_begin ] --START--
INFO: Run Behavior\ReadHtmlCacheBehavior [ RunTime:0.001000s ]
INFO: [ app_begin ] --END-- [ RunTime:0.002000s ]
NOTIC: [8] A session had already been started - ignoring session_start() D:\wamp\www\order\ThinkPHP\Common\functions.php 第 1263 行.
SQL: SHOW COLUMNS FROM `think_shop` [ RunTime:0.0360s ]
SQL: SELECT * FROM `think_shop` ORDER BY order_id DESC   [ RunTime:0.0010s ]
INFO: [ view_parse ] --START--
INFO: [ template_filter ] --START--
INFO: Run Behavior\ContentReplaceBehavior [ RunTime:0.000000s ]
INFO: [ template_filter ] --END-- [ RunTime:0.000000s ]
NOTIC: [8] Undefined index: sid D:\wamp\www\order\Admin\Runtime\Cache\Home\89d15e09f61b946cc9c0bdb6f74809b4.php 第 113 行.
NOTIC: [8] Undefined index: sid D:\wamp\www\order\Admin\Runtime\Cache\Home\89d15e09f61b946cc9c0bdb6f74809b4.php 第 113 行.
NOTIC: [8] Undefined index: sid D:\wamp\www\order\Admin\Runtime\Cache\Home\89d15e09f61b946cc9c0bdb6f74809b4.php 第 113 行.
NOTIC: [8] Undefined variable: v D:\wamp\www\order\Admin\Runtime\Cache\Home\89d15e09f61b946cc9c0bdb6f74809b4.php 第 151 行.
INFO: Run Behavior\ParseTemplateBehavior [ RunTime:0.011000s ]
INFO: [ view_parse ] --END-- [ RunTime:0.011000s ]
INFO: [ view_filter ] --START--
INFO: Run Behavior\WriteHtmlCacheBehavior [ RunTime:0.001000s ]
INFO: [ view_filter ] --END-- [ RunTime:0.001000s ]
INFO: [ app_end ] --START--
INFO: Run Behavior\ShowPageTraceBehavior [ RunTime:0.000000s ]
INFO: [ app_end ] --END-- [ RunTime:0.000000s ]

[ 2015-08-07T09:23:14+08:00 ] 127.0.0.1 /order/admin.php/Home/StartOrder/index
INFO: [ app_init ] --START--
INFO: Run Behavior\BuildLiteBehavior [ RunTime:0.000000s ]
INFO: [ app_init ] --END-- [ RunTime:0.000000s ]
INFO: [ app_begin ] --START--
INFO: Run Behavior\ReadHtmlCacheBehavior [ RunTime:0.000000s ]
INFO: [ app_begin ] --END-- [ RunTime:0.001000s ]
NOTIC: [8] A session had already been started - ignoring session_start() D:\wamp\www\order\ThinkPHP\Common\functions.php 第 1263 行.
SQL: SHOW COLUMNS FROM `think_shop` [ RunTime:0.0030s ]
SQL: SELECT * FROM `think_shop` ORDER BY order_id DESC   [ RunTime:0.0020s ]
INFO: [ view_parse ] --START--
INFO: [ template_filter ] --START--
INFO: Run Behavior\ContentReplaceBehavior [ RunTime:0.001000s ]
INFO: [ template_filter ] --END-- [ RunTime:0.001000s ]
NOTIC: [8] Undefined index: sid D:\wamp\www\order\Admin\Runtime\Cache\Home\89d15e09f61b946cc9c0bdb6f74809b4.php 第 113 行.
NOTIC: [8] Undefined index: sid D:\wamp\www\order\Admin\Runtime\Cache\Home\89d15e09f61b946cc9c0bdb6f74809b4.php 第 113 行.
NOTIC: [8] Undefined index: sid D:\wamp\www\order\Admin\Runtime\Cache\Home\89d15e09f61b946cc9c0bdb6f74809b4.php 第 113 行.
NOTIC: [8] Undefined variable: v D:\wamp\www\order\Admin\Runtime\Cache\Home\89d15e09f61b946cc9c0bdb6f74809b4.php 第 151 行.
INFO: Run Behavior\ParseTemplateBehavior [ RunTime:0.022002s ]
INFO: [ view_parse ] --END-- [ RunTime:0.023002s ]
INFO: [ view_filter ] --START--
INFO: Run Behavior\WriteHtmlCacheBehavior [ RunTime:0.000000s ]
INFO: [ view_filter ] --END-- [ RunTime:0.000000s ]
INFO: [ app_end ] --START--
INFO: Run Behavior\ShowPageTraceBehavior [ RunTime:0.002000s ]
INFO: [ app_end ] --END-- [ RunTime:0.002000s ]

[ 2015-08-07T09:24:04+08:00 ] 127.0.0.1 /order/admin.php/Home/StartOrder/index
INFO: [ app_init ] --START--
INFO: Run Behavior\BuildLiteBehavior [ RunTime:0.000000s ]
INFO: [ app_init ] --END-- [ RunTime:0.000000s ]
INFO: [ app_begin ] --START--
INFO: Run Behavior\ReadHtmlCacheBehavior [ RunTime:0.000000s ]
INFO: [ app_begin ] --END-- [ RunTime:0.000000s ]
NOTIC: [8] A session had already been started - ignoring session_start() D:\wamp\www\order\ThinkPHP\Common\functions.php 第 1263 行.
SQL: SHOW COLUMNS FROM `think_shop` [ RunTime:0.0040s ]
SQL: SELECT * FROM `think_shop` ORDER BY order_id DESC   [ RunTime:0.0010s ]
INFO: [ view_parse ] --START--
INFO: [ template_filter ] --START--
INFO: Run Behavior\ContentReplaceBehavior [ RunTime:0.000000s ]
INFO: [ template_filter ] --END-- [ RunTime:0.000000s ]
NOTIC: [8] Undefined index: sid D:\wamp\www\order\Admin\Runtime\Cache\Home\89d15e09f61b946cc9c0bdb6f74809b4.php 第 113 行.
NOTIC: [8] Undefined index: sid D:\wamp\www\order\Admin\Runtime\Cache\Home\89d15e09f61b946cc9c0bdb6f74809b4.php 第 113 行.
NOTIC: [8] Undefined index: sid D:\wamp\www\order\Admin\Runtime\Cache\Home\89d15e09f61b946cc9c0bdb6f74809b4.php 第 113 行.
NOTIC: [8] Undefined variable: v D:\wamp\www\order\Admin\Runtime\Cache\Home\89d15e09f61b946cc9c0bdb6f74809b4.php 第 151 行.
INFO: Run Behavior\ParseTemplateBehavior [ RunTime:0.014000s ]
INFO: [ view_parse ] --END-- [ RunTime:0.014000s ]
INFO: [ view_filter ] --START--
INFO: Run Behavior\WriteHtmlCacheBehavior [ RunTime:0.000000s ]
INFO: [ view_filter ] --END-- [ RunTime:0.000000s ]
INFO: [ app_end ] --START--
INFO: Run Behavior\ShowPageTraceBehavior [ RunTime:0.001000s ]
INFO: [ app_end ] --END-- [ RunTime:0.001000s ]

[ 2015-08-07T09:30:17+08:00 ] 127.0.0.1 /order/admin.php/Home/StartOrder/index
INFO: [ app_init ] --START--
INFO: Run Behavior\BuildLiteBehavior [ RunTime:0.000000s ]
INFO: [ app_init ] --END-- [ RunTime:0.001000s ]
INFO: [ app_begin ] --START--
INFO: Run Behavior\ReadHtmlCacheBehavior [ RunTime:0.001000s ]
INFO: [ app_begin ] --END-- [ RunTime:0.001000s ]
NOTIC: [8] A session had already been started - ignoring session_start() D:\wamp\www\order\ThinkPHP\Common\functions.php 第 1263 行.
SQL: SHOW COLUMNS FROM `think_shop` [ RunTime:0.0040s ]
SQL: SELECT * FROM `think_shop` ORDER BY order_id DESC   [ RunTime:0.0030s ]
INFO: [ view_parse ] --START--
INFO: [ template_filter ] --START--
INFO: Run Behavior\ContentReplaceBehavior [ RunTime:0.000000s ]
INFO: [ template_filter ] --END-- [ RunTime:0.000000s ]
NOTIC: [8] Undefined index: sid D:\wamp\www\order\Admin\Runtime\Cache\Home\89d15e09f61b946cc9c0bdb6f74809b4.php 第 114 行.
NOTIC: [8] Undefined index: sid D:\wamp\www\order\Admin\Runtime\Cache\Home\89d15e09f61b946cc9c0bdb6f74809b4.php 第 114 行.
NOTIC: [8] Undefined index: sid D:\wamp\www\order\Admin\Runtime\Cache\Home\89d15e09f61b946cc9c0bdb6f74809b4.php 第 114 行.
NOTIC: [8] Undefined variable: v D:\wamp\www\order\Admin\Runtime\Cache\Home\89d15e09f61b946cc9c0bdb6f74809b4.php 第 152 行.
INFO: Run Behavior\ParseTemplateBehavior [ RunTime:0.015001s ]
INFO: [ view_parse ] --END-- [ RunTime:0.015001s ]
INFO: [ view_filter ] --START--
INFO: Run Behavior\WriteHtmlCacheBehavior [ RunTime:0.000000s ]
INFO: [ view_filter ] --END-- [ RunTime:0.001000s ]
INFO: [ app_end ] --START--
INFO: Run Behavior\ShowPageTraceBehavior [ RunTime:0.001000s ]
INFO: [ app_end ] --END-- [ RunTime:0.001000s ]

[ 2015-08-07T09:30:44+08:00 ] 127.0.0.1 /order/admin.php/Home/StartOrder/index
INFO: [ app_init ] --START--
INFO: Run Behavior\BuildLiteBehavior [ RunTime:0.000000s ]
INFO: [ app_init ] --END-- [ RunTime:0.000000s ]
INFO: [ app_begin ] --START--
INFO: Run Behavior\ReadHtmlCacheBehavior [ RunTime:0.001000s ]
INFO: [ app_begin ] --END-- [ RunTime:0.001000s ]
NOTIC: [8] A session had already been started - ignoring session_start() D:\wamp\www\order\ThinkPHP\Common\functions.php 第 1263 行.
SQL: SHOW COLUMNS FROM `think_shop` [ RunTime:0.0060s ]
SQL: SELECT * FROM `think_shop` ORDER BY order_id DESC   [ RunTime:0.0010s ]
INFO: [ view_parse ] --START--
INFO: [ template_filter ] --START--
INFO: Run Behavior\ContentReplaceBehavior [ RunTime:0.000000s ]
INFO: [ template_filter ] --END-- [ RunTime:0.000000s ]
NOTIC: [8] Undefined index: sid D:\wamp\www\order\Admin\Runtime\Cache\Home\89d15e09f61b946cc9c0bdb6f74809b4.php 第 114 行.
NOTIC: [8] Undefined index: sid D:\wamp\www\order\Admin\Runtime\Cache\Home\89d15e09f61b946cc9c0bdb6f74809b4.php 第 114 行.
NOTIC: [8] Undefined index: sid D:\wamp\www\order\Admin\Runtime\Cache\Home\89d15e09f61b946cc9c0bdb6f74809b4.php 第 114 行.
NOTIC: [8] Undefined variable: v D:\wamp\www\order\Admin\Runtime\Cache\Home\89d15e09f61b946cc9c0bdb6f74809b4.php 第 152 行.
INFO: Run Behavior\ParseTemplateBehavior [ RunTime:0.014000s ]
INFO: [ view_parse ] --END-- [ RunTime:0.014000s ]
INFO: [ view_filter ] --START--
INFO: Run Behavior\WriteHtmlCacheBehavior [ RunTime:0.000000s ]
INFO: [ view_filter ] --END-- [ RunTime:0.001000s ]
INFO: [ app_end ] --START--
INFO: Run Behavior\ShowPageTraceBehavior [ RunTime:0.001001s ]
INFO: [ app_end ] --END-- [ RunTime:0.001001s ]

[ 2015-08-07T09:33:40+08:00 ] 127.0.0.1 /order/admin.php/Home/StartOrder/index
INFO: [ app_init ] --START--
INFO: Run Behavior\BuildLiteBehavior [ RunTime:0.000000s ]
INFO: [ app_init ] --END-- [ RunTime:0.001000s ]
INFO: [ app_begin ] --START--
INFO: Run Behavior\ReadHtmlCacheBehavior [ RunTime:0.001000s ]
INFO: [ app_begin ] --END-- [ RunTime:0.001000s ]
NOTIC: [8] A session had already been started - ignoring session_start() D:\wamp\www\order\ThinkPHP\Common\functions.php 第 1263 行.
SQL: SHOW COLUMNS FROM `think_shop` [ RunTime:0.0070s ]
SQL: SELECT * FROM `think_shop` ORDER BY order_id DESC   [ RunTime:0.0050s ]
INFO: [ view_parse ] --START--
INFO: [ template_filter ] --START--
INFO: Run Behavior\ContentReplaceBehavior [ RunTime:0.000000s ]
INFO: [ template_filter ] --END-- [ RunTime:0.001000s ]
NOTIC: [8] Undefined index: sid D:\wamp\www\order\Admin\Runtime\Cache\Home\89d15e09f61b946cc9c0bdb6f74809b4.php 第 115 行.
NOTIC: [8] Undefined index: sid D:\wamp\www\order\Admin\Runtime\Cache\Home\89d15e09f61b946cc9c0bdb6f74809b4.php 第 115 行.
NOTIC: [8] Undefined index: sid D:\wamp\www\order\Admin\Runtime\Cache\Home\89d15e09f61b946cc9c0bdb6f74809b4.php 第 115 行.
NOTIC: [8] Undefined variable: v D:\wamp\www\order\Admin\Runtime\Cache\Home\89d15e09f61b946cc9c0bdb6f74809b4.php 第 153 行.
INFO: Run Behavior\ParseTemplateBehavior [ RunTime:0.015001s ]
INFO: [ view_parse ] --END-- [ RunTime:0.015001s ]
INFO: [ view_filter ] --START--
INFO: Run Behavior\WriteHtmlCacheBehavior [ RunTime:0.001000s ]
INFO: [ view_filter ] --END-- [ RunTime:0.001000s ]
INFO: [ app_end ] --START--
INFO: Run Behavior\ShowPageTraceBehavior [ RunTime:0.001000s ]
INFO: [ app_end ] --END-- [ RunTime:0.001000s ]

[ 2015-08-07T09:34:13+08:00 ] 127.0.0.1 /order/admin.php/Home/StartOrder/index
INFO: [ app_init ] --START--
INFO: Run Behavior\BuildLiteBehavior [ RunTime:0.000000s ]
INFO: [ app_init ] --END-- [ RunTime:0.000000s ]
INFO: [ app_begin ] --START--
INFO: Run Behavior\ReadHtmlCacheBehavior [ RunTime:0.001000s ]
INFO: [ app_begin ] --END-- [ RunTime:0.001000s ]
NOTIC: [8] A session had already been started - ignoring session_start() D:\wamp\www\order\ThinkPHP\Common\functions.php 第 1263 行.
SQL: SHOW COLUMNS FROM `think_shop` [ RunTime:0.0030s ]
SQL: SELECT * FROM `think_shop` ORDER BY order_id DESC   [ RunTime:0.0010s ]
INFO: [ view_parse ] --START--
INFO: [ template_filter ] --START--
INFO: Run Behavior\ContentReplaceBehavior [ RunTime:0.000000s ]
INFO: [ template_filter ] --END-- [ RunTime:0.000000s ]
NOTIC: [8] Undefined index: sid D:\wamp\www\order\Admin\Runtime\Cache\Home\89d15e09f61b946cc9c0bdb6f74809b4.php 第 115 行.
NOTIC: [8] Undefined index: sid D:\wamp\www\order\Admin\Runtime\Cache\Home\89d15e09f61b946cc9c0bdb6f74809b4.php 第 115 行.
NOTIC: [8] Undefined index: sid D:\wamp\www\order\Admin\Runtime\Cache\Home\89d15e09f61b946cc9c0bdb6f74809b4.php 第 115 行.
NOTIC: [8] Undefined variable: v D:\wamp\www\order\Admin\Runtime\Cache\Home\89d15e09f61b946cc9c0bdb6f74809b4.php 第 153 行.
INFO: Run Behavior\ParseTemplateBehavior [ RunTime:0.018001s ]
INFO: [ view_parse ] --END-- [ RunTime:0.018001s ]
INFO: [ view_filter ] --START--
INFO: Run Behavior\WriteHtmlCacheBehavior [ RunTime:0.001000s ]
INFO: [ view_filter ] --END-- [ RunTime:0.001000s ]
INFO: [ app_end ] --START--
INFO: Run Behavior\ShowPageTraceBehavior [ RunTime:0.003001s ]
INFO: [ app_end ] --END-- [ RunTime:0.004001s ]

[ 2015-08-07T09:34:51+08:00 ] 127.0.0.1 /order/admin.php/Home/StartOrder/index
INFO: [ app_init ] --START--
INFO: Run Behavior\BuildLiteBehavior [ RunTime:0.000000s ]
INFO: [ app_init ] --END-- [ RunTime:0.015600s ]
INFO: [ app_begin ] --START--
INFO: Run Behavior\ReadHtmlCacheBehavior [ RunTime:0.001000s ]
INFO: [ app_begin ] --END-- [ RunTime:0.001000s ]
NOTIC: [8] A session had already been started - ignoring session_start() D:\wamp\www\order\ThinkPHP\Common\functions.php 第 1263 行.
SQL: SHOW COLUMNS FROM `think_shop` [ RunTime:0.0030s ]
SQL: SELECT * FROM `think_shop` ORDER BY order_id DESC   [ RunTime:0.0000s ]
INFO: [ view_parse ] --START--
INFO: [ template_filter ] --START--
INFO: Run Behavior\ContentReplaceBehavior [ RunTime:0.000000s ]
INFO: [ template_filter ] --END-- [ RunTime:0.000000s ]
NOTIC: [8] Undefined index: sid D:\wamp\www\order\Admin\Runtime\Cache\Home\89d15e09f61b946cc9c0bdb6f74809b4.php 第 115 行.
NOTIC: [8] Undefined index: sid D:\wamp\www\order\Admin\Runtime\Cache\Home\89d15e09f61b946cc9c0bdb6f74809b4.php 第 115 行.
NOTIC: [8] Undefined index: sid D:\wamp\www\order\Admin\Runtime\Cache\Home\89d15e09f61b946cc9c0bdb6f74809b4.php 第 115 行.
NOTIC: [8] Undefined variable: v D:\wamp\www\order\Admin\Runtime\Cache\Home\89d15e09f61b946cc9c0bdb6f74809b4.php 第 153 行.
INFO: Run Behavior\ParseTemplateBehavior [ RunTime:0.024002s ]
INFO: [ view_parse ] --END-- [ RunTime:0.024002s ]
INFO: [ view_filter ] --START--
INFO: Run Behavior\WriteHtmlCacheBehavior [ RunTime:0.001000s ]
INFO: [ view_filter ] --END-- [ RunTime:0.001000s ]
INFO: [ app_end ] --START--
INFO: Run Behavior\ShowPageTraceBehavior [ RunTime:0.001000s ]
INFO: [ app_end ] --END-- [ RunTime:0.001000s ]

[ 2015-08-07T09:35:02+08:00 ] 127.0.0.1 /order/admin.php/Home/StartOrder/index
INFO: [ app_init ] --START--
INFO: Run Behavior\BuildLiteBehavior [ RunTime:0.000000s ]
INFO: [ app_init ] --END-- [ RunTime:0.001000s ]
INFO: [ app_begin ] --START--
INFO: Run Behavior\ReadHtmlCacheBehavior [ RunTime:0.000000s ]
INFO: [ app_begin ] --END-- [ RunTime:0.000000s ]
NOTIC: [8] A session had already been started - ignoring session_start() D:\wamp\www\order\ThinkPHP\Common\functions.php 第 1263 行.
SQL: SHOW COLUMNS FROM `think_shop` [ RunTime:0.0040s ]
SQL: SELECT * FROM `think_shop` ORDER BY order_id DESC   [ RunTime:0.0010s ]
INFO: [ view_parse ] --START--
INFO: [ template_filter ] --START--
INFO: Run Behavior\ContentReplaceBehavior [ RunTime:0.000000s ]
INFO: [ template_filter ] --END-- [ RunTime:0.000000s ]
NOTIC: [8] Undefined index: sid D:\wamp\www\order\Admin\Runtime\Cache\Home\89d15e09f61b946cc9c0bdb6f74809b4.php 第 115 行.
NOTIC: [8] Undefined index: sid D:\wamp\www\order\Admin\Runtime\Cache\Home\89d15e09f61b946cc9c0bdb6f74809b4.php 第 115 行.
NOTIC: [8] Undefined index: sid D:\wamp\www\order\Admin\Runtime\Cache\Home\89d15e09f61b946cc9c0bdb6f74809b4.php 第 115 行.
NOTIC: [8] Undefined variable: v D:\wamp\www\order\Admin\Runtime\Cache\Home\89d15e09f61b946cc9c0bdb6f74809b4.php 第 153 行.
INFO: Run Behavior\ParseTemplateBehavior [ RunTime:0.017000s ]
INFO: [ view_parse ] --END-- [ RunTime:0.018001s ]
INFO: [ view_filter ] --START--
INFO: Run Behavior\WriteHtmlCacheBehavior [ RunTime:0.002000s ]
INFO: [ view_filter ] --END-- [ RunTime:0.002000s ]
INFO: [ app_end ] --START--
INFO: Run Behavior\ShowPageTraceBehavior [ RunTime:0.001000s ]
INFO: [ app_end ] --END-- [ RunTime:0.001000s ]

[ 2015-08-07T09:35:42+08:00 ] 127.0.0.1 /order/admin.php/Home/StartOrder/index
INFO: [ app_init ] --START--
INFO: Run Behavior\BuildLiteBehavior [ RunTime:0.000000s ]
INFO: [ app_init ] --END-- [ RunTime:0.015600s ]
INFO: [ app_begin ] --START--
INFO: Run Behavior\ReadHtmlCacheBehavior [ RunTime:0.001000s ]
INFO: [ app_begin ] --END-- [ RunTime:0.001000s ]
NOTIC: [8] A session had already been started - ignoring session_start() D:\wamp\www\order\ThinkPHP\Common\functions.php 第 1263 行.
SQL: SHOW COLUMNS FROM `think_shop` [ RunTime:0.0070s ]
SQL: SELECT * FROM `think_shop` ORDER BY order_id DESC   [ RunTime:0.0010s ]
INFO: [ view_parse ] --START--
INFO: [ template_filter ] --START--
INFO: Run Behavior\ContentReplaceBehavior [ RunTime:0.000000s ]
INFO: [ template_filter ] --END-- [ RunTime:0.000000s ]
NOTIC: [8] Undefined index: sid D:\wamp\www\order\Admin\Runtime\Cache\Home\89d15e09f61b946cc9c0bdb6f74809b4.php 第 115 行.
NOTIC: [8] Undefined index: sid D:\wamp\www\order\Admin\Runtime\Cache\Home\89d15e09f61b946cc9c0bdb6f74809b4.php 第 115 行.
NOTIC: [8] Undefined index: sid D:\wamp\www\order\Admin\Runtime\Cache\Home\89d15e09f61b946cc9c0bdb6f74809b4.php 第 115 行.
NOTIC: [8] Undefined variable: v D:\wamp\www\order\Admin\Runtime\Cache\Home\89d15e09f61b946cc9c0bdb6f74809b4.php 第 153 行.
INFO: Run Behavior\ParseTemplateBehavior [ RunTime:0.013001s ]
INFO: [ view_parse ] --END-- [ RunTime:0.013001s ]
INFO: [ view_filter ] --START--
INFO: Run Behavior\WriteHtmlCacheBehavior [ RunTime:0.000000s ]
INFO: [ view_filter ] --END-- [ RunTime:0.000000s ]
INFO: [ app_end ] --START--
INFO: Run Behavior\ShowPageTraceBehavior [ RunTime:0.001000s ]
INFO: [ app_end ] --END-- [ RunTime:0.001000s ]

[ 2015-08-07T09:38:41+08:00 ] 127.0.0.1 /order/admin.php/Home/StartOrder/index
INFO: [ app_init ] --START--
INFO: Run Behavior\BuildLiteBehavior [ RunTime:0.000000s ]
INFO: [ app_init ] --END-- [ RunTime:0.000000s ]
INFO: [ app_begin ] --START--
INFO: Run Behavior\ReadHtmlCacheBehavior [ RunTime:0.001000s ]
INFO: [ app_begin ] --END-- [ RunTime:0.001000s ]
NOTIC: [8] A session had already been started - ignoring session_start() D:\wamp\www\order\ThinkPHP\Common\functions.php 第 1263 行.
SQL: SHOW COLUMNS FROM `think_shop` [ RunTime:0.0030s ]
SQL: SELECT * FROM `think_shop` ORDER BY order_id DESC   [ RunTime:0.0010s ]
INFO: [ view_parse ] --START--
INFO: [ template_filter ] --START--
INFO: Run Behavior\ContentReplaceBehavior [ RunTime:0.000000s ]
INFO: [ template_filter ] --END-- [ RunTime:0.000000s ]
NOTIC: [8] Undefined index: sid D:\wamp\www\order\Admin\Runtime\Cache\Home\89d15e09f61b946cc9c0bdb6f74809b4.php 第 118 行.
NOTIC: [8] Undefined index: sid D:\wamp\www\order\Admin\Runtime\Cache\Home\89d15e09f61b946cc9c0bdb6f74809b4.php 第 118 行.
NOTIC: [8] Undefined index: sid D:\wamp\www\order\Admin\Runtime\Cache\Home\89d15e09f61b946cc9c0bdb6f74809b4.php 第 118 行.
NOTIC: [8] Undefined variable: v D:\wamp\www\order\Admin\Runtime\Cache\Home\89d15e09f61b946cc9c0bdb6f74809b4.php 第 156 行.
INFO: Run Behavior\ParseTemplateBehavior [ RunTime:0.016001s ]
INFO: [ view_parse ] --END-- [ RunTime:0.016001s ]
INFO: [ view_filter ] --START--
INFO: Run Behavior\WriteHtmlCacheBehavior [ RunTime:0.000000s ]
INFO: [ view_filter ] --END-- [ RunTime:0.001000s ]
INFO: [ app_end ] --START--
INFO: Run Behavior\ShowPageTraceBehavior [ RunTime:0.002000s ]
INFO: [ app_end ] --END-- [ RunTime:0.002000s ]

[ 2015-08-07T09:38:47+08:00 ] 127.0.0.1 /order/admin.php/Home/StartOrder/index
INFO: [ app_init ] --START--
INFO: Run Behavior\BuildLiteBehavior [ RunTime:0.000000s ]
INFO: [ app_init ] --END-- [ RunTime:0.001000s ]
INFO: [ app_begin ] --START--
INFO: Run Behavior\ReadHtmlCacheBehavior [ RunTime:0.001000s ]
INFO: [ app_begin ] --END-- [ RunTime:0.001000s ]
NOTIC: [8] A session had already been started - ignoring session_start() D:\wamp\www\order\ThinkPHP\Common\functions.php 第 1263 行.
SQL: SHOW COLUMNS FROM `think_shop` [ RunTime:0.0050s ]
SQL: SELECT * FROM `think_shop` ORDER BY order_id DESC   [ RunTime:0.0000s ]
INFO: [ view_parse ] --START--
INFO: [ template_filter ] --START--
INFO: Run Behavior\ContentReplaceBehavior [ RunTime:0.000000s ]
INFO: [ template_filter ] --END-- [ RunTime:0.001000s ]
NOTIC: [8] Undefined index: sid D:\wamp\www\order\Admin\Runtime\Cache\Home\89d15e09f61b946cc9c0bdb6f74809b4.php 第 118 行.
NOTIC: [8] Undefined index: sid D:\wamp\www\order\Admin\Runtime\Cache\Home\89d15e09f61b946cc9c0bdb6f74809b4.php 第 118 行.
NOTIC: [8] Undefined index: sid D:\wamp\www\order\Admin\Runtime\Cache\Home\89d15e09f61b946cc9c0bdb6f74809b4.php 第 118 行.
NOTIC: [8] Undefined variable: v D:\wamp\www\order\Admin\Runtime\Cache\Home\89d15e09f61b946cc9c0bdb6f74809b4.php 第 156 行.
INFO: Run Behavior\ParseTemplateBehavior [ RunTime:0.016001s ]
INFO: [ view_parse ] --END-- [ RunTime:0.016001s ]
INFO: [ view_filter ] --START--
INFO: Run Behavior\WriteHtmlCacheBehavior [ RunTime:0.000000s ]
INFO: [ view_filter ] --END-- [ RunTime:0.001000s ]
INFO: [ app_end ] --START--
INFO: Run Behavior\ShowPageTraceBehavior [ RunTime:0.000000s ]
INFO: [ app_end ] --END-- [ RunTime:0.000000s ]

[ 2015-08-07T09:38:48+08:00 ] 127.0.0.1 /order/admin.php/Home/StartOrder/index
INFO: [ app_init ] --START--
INFO: Run Behavior\BuildLiteBehavior [ RunTime:0.000000s ]
INFO: [ app_init ] --END-- [ RunTime:0.000000s ]
INFO: [ app_begin ] --START--
INFO: Run Behavior\ReadHtmlCacheBehavior [ RunTime:0.008000s ]
INFO: [ app_begin ] --END-- [ RunTime:0.009000s ]
NOTIC: [8] A session had already been started - ignoring session_start() D:\wamp\www\order\ThinkPHP\Common\functions.php 第 1263 行.
SQL: SHOW COLUMNS FROM `think_shop` [ RunTime:0.0040s ]
SQL: SELECT * FROM `think_shop` ORDER BY order_id DESC   [ RunTime:0.0010s ]
INFO: [ view_parse ] --START--
INFO: [ template_filter ] --START--
INFO: Run Behavior\ContentReplaceBehavior [ RunTime:0.000000s ]
INFO: [ template_filter ] --END-- [ RunTime:0.000000s ]
NOTIC: [8] Undefined index: sid D:\wamp\www\order\Admin\Runtime\Cache\Home\89d15e09f61b946cc9c0bdb6f74809b4.php 第 118 行.
NOTIC: [8] Undefined index: sid D:\wamp\www\order\Admin\Runtime\Cache\Home\89d15e09f61b946cc9c0bdb6f74809b4.php 第 118 行.
NOTIC: [8] Undefined index: sid D:\wamp\www\order\Admin\Runtime\Cache\Home\89d15e09f61b946cc9c0bdb6f74809b4.php 第 118 行.
NOTIC: [8] Undefined variable: v D:\wamp\www\order\Admin\Runtime\Cache\Home\89d15e09f61b946cc9c0bdb6f74809b4.php 第 156 行.
INFO: Run Behavior\ParseTemplateBehavior [ RunTime:0.012001s ]
INFO: [ view_parse ] --END-- [ RunTime:0.012001s ]
INFO: [ view_filter ] --START--
INFO: Run Behavior\WriteHtmlCacheBehavior [ RunTime:0.000000s ]
INFO: [ view_filter ] --END-- [ RunTime:0.001000s ]
INFO: [ app_end ] --START--
INFO: Run Behavior\ShowPageTraceBehavior [ RunTime:0.000000s ]
INFO: [ app_end ] --END-- [ RunTime:0.000000s ]

[ 2015-08-07T09:38:48+08:00 ] 127.0.0.1 /order/admin.php/Home/StartOrder/index
INFO: [ app_init ] --START--
INFO: Run Behavior\BuildLiteBehavior [ RunTime:0.000000s ]
INFO: [ app_init ] --END-- [ RunTime:0.001000s ]
INFO: [ app_begin ] --START--
INFO: Run Behavior\ReadHtmlCacheBehavior [ RunTime:0.001000s ]
INFO: [ app_begin ] --END-- [ RunTime:0.001000s ]
NOTIC: [8] A session had already been started - ignoring session_start() D:\wamp\www\order\ThinkPHP\Common\functions.php 第 1263 行.
SQL: SHOW COLUMNS FROM `think_shop` [ RunTime:0.0030s ]
SQL: SELECT * FROM `think_shop` ORDER BY order_id DESC   [ RunTime:0.0010s ]
INFO: [ view_parse ] --START--
INFO: [ template_filter ] --START--
INFO: Run Behavior\ContentReplaceBehavior [ RunTime:0.000000s ]
INFO: [ template_filter ] --END-- [ RunTime:0.001001s ]
NOTIC: [8] Undefined index: sid D:\wamp\www\order\Admin\Runtime\Cache\Home\89d15e09f61b946cc9c0bdb6f74809b4.php 第 118 行.
NOTIC: [8] Undefined index: sid D:\wamp\www\order\Admin\Runtime\Cache\Home\89d15e09f61b946cc9c0bdb6f74809b4.php 第 118 行.
NOTIC: [8] Undefined index: sid D:\wamp\www\order\Admin\Runtime\Cache\Home\89d15e09f61b946cc9c0bdb6f74809b4.php 第 118 行.
NOTIC: [8] Undefined variable: v D:\wamp\www\order\Admin\Runtime\Cache\Home\89d15e09f61b946cc9c0bdb6f74809b4.php 第 156 行.
INFO: Run Behavior\ParseTemplateBehavior [ RunTime:0.021001s ]
INFO: [ view_parse ] --END-- [ RunTime:0.021001s ]
INFO: [ view_filter ] --START--
INFO: Run Behavior\WriteHtmlCacheBehavior [ RunTime:0.000000s ]
INFO: [ view_filter ] --END-- [ RunTime:0.000000s ]
INFO: [ app_end ] --START--
INFO: Run Behavior\ShowPageTraceBehavior [ RunTime:0.001000s ]
INFO: [ app_end ] --END-- [ RunTime:0.001000s ]

[ 2015-08-07T09:38:48+08:00 ] 127.0.0.1 /order/admin.php/Home/StartOrder/index
INFO: [ app_init ] --START--
INFO: Run Behavior\BuildLiteBehavior [ RunTime:0.000000s ]
INFO: [ app_init ] --END-- [ RunTime:0.001000s ]
INFO: [ app_begin ] --START--
INFO: Run Behavior\ReadHtmlCacheBehavior [ RunTime:0.001000s ]
INFO: [ app_begin ] --END-- [ RunTime:0.001000s ]
NOTIC: [8] A session had already been started - ignoring session_start() D:\wamp\www\order\ThinkPHP\Common\functions.php 第 1263 行.
SQL: SHOW COLUMNS FROM `think_shop` [ RunTime:0.0030s ]
SQL: SELECT * FROM `think_shop` ORDER BY order_id DESC   [ RunTime:0.0020s ]
INFO: [ view_parse ] --START--
INFO: [ template_filter ] --START--
INFO: Run Behavior\ContentReplaceBehavior [ RunTime:0.000000s ]
INFO: [ template_filter ] --END-- [ RunTime:0.000000s ]
NOTIC: [8] Undefined index: sid D:\wamp\www\order\Admin\Runtime\Cache\Home\89d15e09f61b946cc9c0bdb6f74809b4.php 第 118 行.
NOTIC: [8] Undefined index: sid D:\wamp\www\order\Admin\Runtime\Cache\Home\89d15e09f61b946cc9c0bdb6f74809b4.php 第 118 行.
NOTIC: [8] Undefined index: sid D:\wamp\www\order\Admin\Runtime\Cache\Home\89d15e09f61b946cc9c0bdb6f74809b4.php 第 118 行.
NOTIC: [8] Undefined variable: v D:\wamp\www\order\Admin\Runtime\Cache\Home\89d15e09f61b946cc9c0bdb6f74809b4.php 第 156 行.
INFO: Run Behavior\ParseTemplateBehavior [ RunTime:0.015001s ]
INFO: [ view_parse ] --END-- [ RunTime:0.015001s ]
INFO: [ view_filter ] --START--
INFO: Run Behavior\WriteHtmlCacheBehavior [ RunTime:0.001000s ]
INFO: [ view_filter ] --END-- [ RunTime:0.001000s ]
INFO: [ app_end ] --START--
INFO: Run Behavior\ShowPageTraceBehavior [ RunTime:0.000000s ]
INFO: [ app_end ] --END-- [ RunTime:0.000000s ]

[ 2015-08-07T09:38:49+08:00 ] 127.0.0.1 /order/admin.php/Home/StartOrder/index
INFO: [ app_init ] --START--
INFO: Run Behavior\BuildLiteBehavior [ RunTime:0.000000s ]
INFO: [ app_init ] --END-- [ RunTime:0.001000s ]
INFO: [ app_begin ] --START--
INFO: Run Behavior\ReadHtmlCacheBehavior [ RunTime:0.000000s ]
INFO: [ app_begin ] --END-- [ RunTime:0.001000s ]
NOTIC: [8] A session had already been started - ignoring session_start() D:\wamp\www\order\ThinkPHP\Common\functions.php 第 1263 行.
SQL: SHOW COLUMNS FROM `think_shop` [ RunTime:0.0070s ]
SQL: SELECT * FROM `think_shop` ORDER BY order_id DESC   [ RunTime:0.0010s ]
INFO: [ view_parse ] --START--
INFO: [ template_filter ] --START--
INFO: Run Behavior\ContentReplaceBehavior [ RunTime:0.000000s ]
INFO: [ template_filter ] --END-- [ RunTime:0.001000s ]
NOTIC: [8] Undefined index: sid D:\wamp\www\order\Admin\Runtime\Cache\Home\89d15e09f61b946cc9c0bdb6f74809b4.php 第 118 行.
NOTIC: [8] Undefined index: sid D:\wamp\www\order\Admin\Runtime\Cache\Home\89d15e09f61b946cc9c0bdb6f74809b4.php 第 118 行.
NOTIC: [8] Undefined index: sid D:\wamp\www\order\Admin\Runtime\Cache\Home\89d15e09f61b946cc9c0bdb6f74809b4.php 第 118 行.
NOTIC: [8] Undefined variable: v D:\wamp\www\order\Admin\Runtime\Cache\Home\89d15e09f61b946cc9c0bdb6f74809b4.php 第 156 行.
INFO: Run Behavior\ParseTemplateBehavior [ RunTime:0.013001s ]
INFO: [ view_parse ] --END-- [ RunTime:0.013001s ]
INFO: [ view_filter ] --START--
INFO: Run Behavior\WriteHtmlCacheBehavior [ RunTime:0.001000s ]
INFO: [ view_filter ] --END-- [ RunTime:0.002000s ]
INFO: [ app_end ] --START--
INFO: Run Behavior\ShowPageTraceBehavior [ RunTime:0.000000s ]
INFO: [ app_end ] --END-- [ RunTime:0.000000s ]

[ 2015-08-07T09:39:30+08:00 ] 127.0.0.1 /order/admin.php/Home/StartOrder/index
INFO: [ app_init ] --START--
INFO: Run Behavior\BuildLiteBehavior [ RunTime:0.000000s ]
INFO: [ app_init ] --END-- [ RunTime:0.001000s ]
INFO: [ app_begin ] --START--
INFO: Run Behavior\ReadHtmlCacheBehavior [ RunTime:0.000000s ]
INFO: [ app_begin ] --END-- [ RunTime:0.001000s ]
NOTIC: [8] A session had already been started - ignoring session_start() D:\wamp\www\order\ThinkPHP\Common\functions.php 第 1263 行.
SQL: SHOW COLUMNS FROM `think_shop` [ RunTime:0.0050s ]
SQL: SELECT * FROM `think_shop` ORDER BY order_id DESC   [ RunTime:0.0060s ]
INFO: [ view_parse ] --START--
INFO: [ template_filter ] --START--
INFO: Run Behavior\ContentReplaceBehavior [ RunTime:0.001000s ]
INFO: [ template_filter ] --END-- [ RunTime:0.001000s ]
NOTIC: [8] Undefined index: sid D:\wamp\www\order\Admin\Runtime\Cache\Home\89d15e09f61b946cc9c0bdb6f74809b4.php 第 118 行.
NOTIC: [8] Undefined index: sid D:\wamp\www\order\Admin\Runtime\Cache\Home\89d15e09f61b946cc9c0bdb6f74809b4.php 第 118 行.
NOTIC: [8] Undefined index: sid D:\wamp\www\order\Admin\Runtime\Cache\Home\89d15e09f61b946cc9c0bdb6f74809b4.php 第 118 行.
NOTIC: [8] Undefined variable: v D:\wamp\www\order\Admin\Runtime\Cache\Home\89d15e09f61b946cc9c0bdb6f74809b4.php 第 156 行.
INFO: Run Behavior\ParseTemplateBehavior [ RunTime:0.019001s ]
INFO: [ view_parse ] --END-- [ RunTime:0.019001s ]
INFO: [ view_filter ] --START--
INFO: Run Behavior\WriteHtmlCacheBehavior [ RunTime:0.001001s ]
INFO: [ view_filter ] --END-- [ RunTime:0.001001s ]
INFO: [ app_end ] --START--
INFO: Run Behavior\ShowPageTraceBehavior [ RunTime:0.000000s ]
INFO: [ app_end ] --END-- [ RunTime:0.000000s ]

[ 2015-08-07T09:39:31+08:00 ] 127.0.0.1 /order/admin.php/Home/StartOrder/index
INFO: [ app_init ] --START--
INFO: Run Behavior\BuildLiteBehavior [ RunTime:0.000000s ]
INFO: [ app_init ] --END-- [ RunTime:0.001000s ]
INFO: [ app_begin ] --START--
INFO: Run Behavior\ReadHtmlCacheBehavior [ RunTime:0.001000s ]
INFO: [ app_begin ] --END-- [ RunTime:0.001000s ]
NOTIC: [8] A session had already been started - ignoring session_start() D:\wamp\www\order\ThinkPHP\Common\functions.php 第 1263 行.
SQL: SHOW COLUMNS FROM `think_shop` [ RunTime:0.0030s ]
SQL: SELECT * FROM `think_shop` ORDER BY order_id DESC   [ RunTime:0.0000s ]
INFO: [ view_parse ] --START--
INFO: [ template_filter ] --START--
INFO: Run Behavior\ContentReplaceBehavior [ RunTime:0.000000s ]
INFO: [ template_filter ] --END-- [ RunTime:0.000000s ]
NOTIC: [8] Undefined index: sid D:\wamp\www\order\Admin\Runtime\Cache\Home\89d15e09f61b946cc9c0bdb6f74809b4.php 第 118 行.
NOTIC: [8] Undefined index: sid D:\wamp\www\order\Admin\Runtime\Cache\Home\89d15e09f61b946cc9c0bdb6f74809b4.php 第 118 行.
NOTIC: [8] Undefined index: sid D:\wamp\www\order\Admin\Runtime\Cache\Home\89d15e09f61b946cc9c0bdb6f74809b4.php 第 118 行.
NOTIC: [8] Undefined variable: v D:\wamp\www\order\Admin\Runtime\Cache\Home\89d15e09f61b946cc9c0bdb6f74809b4.php 第 156 行.
INFO: Run Behavior\ParseTemplateBehavior [ RunTime:0.012001s ]
INFO: [ view_parse ] --END-- [ RunTime:0.012001s ]
INFO: [ view_filter ] --START--
INFO: Run Behavior\WriteHtmlCacheBehavior [ RunTime:0.002000s ]
INFO: [ view_filter ] --END-- [ RunTime:0.003000s ]
INFO: [ app_end ] --START--
INFO: Run Behavior\ShowPageTraceBehavior [ RunTime:0.001000s ]
INFO: [ app_end ] --END-- [ RunTime:0.001000s ]

[ 2015-08-07T09:39:53+08:00 ] 127.0.0.1 /order/admin.php/Home/StartOrder/index
INFO: [ app_init ] --START--
INFO: Run Behavior\BuildLiteBehavior [ RunTime:0.000000s ]
INFO: [ app_init ] --END-- [ RunTime:0.000000s ]
INFO: [ app_begin ] --START--
INFO: Run Behavior\ReadHtmlCacheBehavior [ RunTime:0.000000s ]
INFO: [ app_begin ] --END-- [ RunTime:0.001000s ]
NOTIC: [8] A session had already been started - ignoring session_start() D:\wamp\www\order\ThinkPHP\Common\functions.php 第 1263 行.
SQL: SHOW COLUMNS FROM `think_shop` [ RunTime:0.0030s ]
SQL: SELECT * FROM `think_shop` ORDER BY order_id DESC   [ RunTime:0.0000s ]
INFO: [ view_parse ] --START--
INFO: [ template_filter ] --START--
INFO: Run Behavior\ContentReplaceBehavior [ RunTime:0.000000s ]
INFO: [ template_filter ] --END-- [ RunTime:0.000000s ]
NOTIC: [8] Undefined index: sid D:\wamp\www\order\Admin\Runtime\Cache\Home\89d15e09f61b946cc9c0bdb6f74809b4.php 第 115 行.
NOTIC: [8] Undefined index: sid D:\wamp\www\order\Admin\Runtime\Cache\Home\89d15e09f61b946cc9c0bdb6f74809b4.php 第 115 行.
NOTIC: [8] Undefined index: sid D:\wamp\www\order\Admin\Runtime\Cache\Home\89d15e09f61b946cc9c0bdb6f74809b4.php 第 115 行.
NOTIC: [8] Undefined variable: v D:\wamp\www\order\Admin\Runtime\Cache\Home\89d15e09f61b946cc9c0bdb6f74809b4.php 第 153 行.
INFO: Run Behavior\ParseTemplateBehavior [ RunTime:0.015001s ]
INFO: [ view_parse ] --END-- [ RunTime:0.016001s ]
INFO: [ view_filter ] --START--
INFO: Run Behavior\WriteHtmlCacheBehavior [ RunTime:0.000000s ]
INFO: [ view_filter ] --END-- [ RunTime:0.000000s ]
INFO: [ app_end ] --START--
INFO: Run Behavior\ShowPageTraceBehavior [ RunTime:0.000000s ]
INFO: [ app_end ] --END-- [ RunTime:0.000000s ]

[ 2015-08-07T09:40:01+08:00 ] 127.0.0.1 /order/admin.php/Home/StartOrder/index
INFO: [ app_init ] --START--
INFO: Run Behavior\BuildLiteBehavior [ RunTime:0.000000s ]
INFO: [ app_init ] --END-- [ RunTime:0.000000s ]
INFO: [ app_begin ] --START--
INFO: Run Behavior\ReadHtmlCacheBehavior [ RunTime:0.000000s ]
INFO: [ app_begin ] --END-- [ RunTime:0.000000s ]
NOTIC: [8] A session had already been started - ignoring session_start() D:\wamp\www\order\ThinkPHP\Common\functions.php 第 1263 行.
SQL: SHOW COLUMNS FROM `think_shop` [ RunTime:0.0040s ]
SQL: SELECT * FROM `think_shop` ORDER BY order_id DESC   [ RunTime:0.0010s ]
INFO: [ view_parse ] --START--
INFO: [ template_filter ] --START--
INFO: Run Behavior\ContentReplaceBehavior [ RunTime:0.000000s ]
INFO: [ template_filter ] --END-- [ RunTime:0.000000s ]
NOTIC: [8] Undefined index: sid D:\wamp\www\order\Admin\Runtime\Cache\Home\89d15e09f61b946cc9c0bdb6f74809b4.php 第 118 行.
NOTIC: [8] Undefined index: sid D:\wamp\www\order\Admin\Runtime\Cache\Home\89d15e09f61b946cc9c0bdb6f74809b4.php 第 118 行.
NOTIC: [8] Undefined index: sid D:\wamp\www\order\Admin\Runtime\Cache\Home\89d15e09f61b946cc9c0bdb6f74809b4.php 第 118 行.
NOTIC: [8] Undefined variable: v D:\wamp\www\order\Admin\Runtime\Cache\Home\89d15e09f61b946cc9c0bdb6f74809b4.php 第 156 行.
INFO: Run Behavior\ParseTemplateBehavior [ RunTime:0.019001s ]
INFO: [ view_parse ] --END-- [ RunTime:0.019001s ]
INFO: [ view_filter ] --START--
INFO: Run Behavior\WriteHtmlCacheBehavior [ RunTime:0.001000s ]
INFO: [ view_filter ] --END-- [ RunTime:0.001000s ]
INFO: [ app_end ] --START--
INFO: Run Behavior\ShowPageTraceBehavior [ RunTime:0.001000s ]
INFO: [ app_end ] --END-- [ RunTime:0.001000s ]

[ 2015-08-07T09:40:11+08:00 ] 127.0.0.1 /order/admin.php/Home/StartOrder/index
INFO: [ app_init ] --START--
INFO: Run Behavior\BuildLiteBehavior [ RunTime:0.000000s ]
INFO: [ app_init ] --END-- [ RunTime:0.001000s ]
INFO: [ app_begin ] --START--
INFO: Run Behavior\ReadHtmlCacheBehavior [ RunTime:0.001000s ]
INFO: [ app_begin ] --END-- [ RunTime:0.001000s ]
NOTIC: [8] A session had already been started - ignoring session_start() D:\wamp\www\order\ThinkPHP\Common\functions.php 第 1263 行.
SQL: SHOW COLUMNS FROM `think_shop` [ RunTime:0.0030s ]
SQL: SELECT * FROM `think_shop` ORDER BY order_id DESC   [ RunTime:0.0010s ]
INFO: [ view_parse ] --START--
INFO: [ template_filter ] --START--
INFO: Run Behavior\ContentReplaceBehavior [ RunTime:0.000000s ]
INFO: [ template_filter ] --END-- [ RunTime:0.001000s ]
NOTIC: [8] Undefined index: sid D:\wamp\www\order\Admin\Runtime\Cache\Home\89d15e09f61b946cc9c0bdb6f74809b4.php 第 117 行.
NOTIC: [8] Undefined index: sid D:\wamp\www\order\Admin\Runtime\Cache\Home\89d15e09f61b946cc9c0bdb6f74809b4.php 第 117 行.
NOTIC: [8] Undefined index: sid D:\wamp\www\order\Admin\Runtime\Cache\Home\89d15e09f61b946cc9c0bdb6f74809b4.php 第 117 行.
NOTIC: [8] Undefined variable: v D:\wamp\www\order\Admin\Runtime\Cache\Home\89d15e09f61b946cc9c0bdb6f74809b4.php 第 155 行.
INFO: Run Behavior\ParseTemplateBehavior [ RunTime:0.011001s ]
INFO: [ view_parse ] --END-- [ RunTime:0.011001s ]
INFO: [ view_filter ] --START--
INFO: Run Behavior\WriteHtmlCacheBehavior [ RunTime:0.000000s ]
INFO: [ view_filter ] --END-- [ RunTime:0.000000s ]
INFO: [ app_end ] --START--
INFO: Run Behavior\ShowPageTraceBehavior [ RunTime:0.001000s ]
INFO: [ app_end ] --END-- [ RunTime:0.001000s ]

[ 2015-08-07T09:40:21+08:00 ] 127.0.0.1 /order/admin.php/Home/StartOrder/index
INFO: [ app_init ] --START--
INFO: Run Behavior\BuildLiteBehavior [ RunTime:0.000000s ]
INFO: [ app_init ] --END-- [ RunTime:0.001000s ]
INFO: [ app_begin ] --START--
INFO: Run Behavior\ReadHtmlCacheBehavior [ RunTime:0.001001s ]
INFO: [ app_begin ] --END-- [ RunTime:0.001001s ]
NOTIC: [8] A session had already been started - ignoring session_start() D:\wamp\www\order\ThinkPHP\Common\functions.php 第 1263 行.
SQL: SHOW COLUMNS FROM `think_shop` [ RunTime:0.0050s ]
SQL: SELECT * FROM `think_shop` ORDER BY order_id DESC   [ RunTime:0.0010s ]
INFO: [ view_parse ] --START--
INFO: [ template_filter ] --START--
INFO: Run Behavior\ContentReplaceBehavior [ RunTime:0.001000s ]
INFO: [ template_filter ] --END-- [ RunTime:0.001000s ]
NOTIC: [8] Undefined index: sid D:\wamp\www\order\Admin\Runtime\Cache\Home\89d15e09f61b946cc9c0bdb6f74809b4.php 第 117 行.
NOTIC: [8] Undefined index: sid D:\wamp\www\order\Admin\Runtime\Cache\Home\89d15e09f61b946cc9c0bdb6f74809b4.php 第 117 行.
NOTIC: [8] Undefined index: sid D:\wamp\www\order\Admin\Runtime\Cache\Home\89d15e09f61b946cc9c0bdb6f74809b4.php 第 117 行.
NOTIC: [8] Undefined variable: v D:\wamp\www\order\Admin\Runtime\Cache\Home\89d15e09f61b946cc9c0bdb6f74809b4.php 第 155 行.
INFO: Run Behavior\ParseTemplateBehavior [ RunTime:0.016001s ]
INFO: [ view_parse ] --END-- [ RunTime:0.017001s ]
INFO: [ view_filter ] --START--
INFO: Run Behavior\WriteHtmlCacheBehavior [ RunTime:0.000000s ]
INFO: [ view_filter ] --END-- [ RunTime:0.000000s ]
INFO: [ app_end ] --START--
INFO: Run Behavior\ShowPageTraceBehavior [ RunTime:0.002000s ]
INFO: [ app_end ] --END-- [ RunTime:0.003000s ]

[ 2015-08-07T09:44:13+08:00 ] 127.0.0.1 /order/admin.php/Home/StartOrder/index
INFO: [ app_init ] --START--
INFO: Run Behavior\BuildLiteBehavior [ RunTime:0.000000s ]
INFO: [ app_init ] --END-- [ RunTime:0.001000s ]
INFO: [ app_begin ] --START--
INFO: Run Behavior\ReadHtmlCacheBehavior [ RunTime:0.001000s ]
INFO: [ app_begin ] --END-- [ RunTime:0.001000s ]
NOTIC: [8] A session had already been started - ignoring session_start() D:\wamp\www\order\ThinkPHP\Common\functions.php 第 1263 行.
SQL: SHOW COLUMNS FROM `think_shop` [ RunTime:0.0030s ]
SQL: SELECT * FROM `think_shop` ORDER BY order_id DESC   [ RunTime:0.0000s ]
INFO: [ view_parse ] --START--
INFO: [ template_filter ] --START--
INFO: Run Behavior\ContentReplaceBehavior [ RunTime:0.000000s ]
INFO: [ template_filter ] --END-- [ RunTime:0.000000s ]
NOTIC: [8] Undefined index: sid D:\wamp\www\order\Admin\Runtime\Cache\Home\89d15e09f61b946cc9c0bdb6f74809b4.php 第 119 行.
NOTIC: [8] Undefined index: sid D:\wamp\www\order\Admin\Runtime\Cache\Home\89d15e09f61b946cc9c0bdb6f74809b4.php 第 119 行.
NOTIC: [8] Undefined index: sid D:\wamp\www\order\Admin\Runtime\Cache\Home\89d15e09f61b946cc9c0bdb6f74809b4.php 第 119 行.
NOTIC: [8] Undefined variable: v D:\wamp\www\order\Admin\Runtime\Cache\Home\89d15e09f61b946cc9c0bdb6f74809b4.php 第 157 行.
INFO: Run Behavior\ParseTemplateBehavior [ RunTime:0.012001s ]
INFO: [ view_parse ] --END-- [ RunTime:0.012001s ]
INFO: [ view_filter ] --START--
INFO: Run Behavior\WriteHtmlCacheBehavior [ RunTime:0.000000s ]
INFO: [ view_filter ] --END-- [ RunTime:0.000000s ]
INFO: [ app_end ] --START--
INFO: Run Behavior\ShowPageTraceBehavior [ RunTime:0.000000s ]
INFO: [ app_end ] --END-- [ RunTime:0.001000s ]

[ 2015-08-07T09:44:42+08:00 ] 127.0.0.1 /order/admin.php/Home/StartOrder/index
INFO: [ app_init ] --START--
INFO: Run Behavior\BuildLiteBehavior [ RunTime:0.000000s ]
INFO: [ app_init ] --END-- [ RunTime:0.015600s ]
INFO: [ app_begin ] --START--
INFO: Run Behavior\ReadHtmlCacheBehavior [ RunTime:0.000000s ]
INFO: [ app_begin ] --END-- [ RunTime:0.001000s ]
NOTIC: [8] A session had already been started - ignoring session_start() D:\wamp\www\order\ThinkPHP\Common\functions.php 第 1263 行.
SQL: SHOW COLUMNS FROM `think_shop` [ RunTime:0.0100s ]
SQL: SELECT * FROM `think_shop` ORDER BY order_id DESC   [ RunTime:0.0010s ]
INFO: [ view_parse ] --START--
INFO: [ template_filter ] --START--
INFO: Run Behavior\ContentReplaceBehavior [ RunTime:0.001000s ]
INFO: [ template_filter ] --END-- [ RunTime:0.001000s ]
NOTIC: [8] Undefined index: sid D:\wamp\www\order\Admin\Runtime\Cache\Home\89d15e09f61b946cc9c0bdb6f74809b4.php 第 119 行.
NOTIC: [8] Undefined index: sid D:\wamp\www\order\Admin\Runtime\Cache\Home\89d15e09f61b946cc9c0bdb6f74809b4.php 第 119 行.
NOTIC: [8] Undefined index: sid D:\wamp\www\order\Admin\Runtime\Cache\Home\89d15e09f61b946cc9c0bdb6f74809b4.php 第 119 行.
NOTIC: [8] Undefined variable: v D:\wamp\www\order\Admin\Runtime\Cache\Home\89d15e09f61b946cc9c0bdb6f74809b4.php 第 157 行.
INFO: Run Behavior\ParseTemplateBehavior [ RunTime:0.012001s ]
INFO: [ view_parse ] --END-- [ RunTime:0.013001s ]
INFO: [ view_filter ] --START--
INFO: Run Behavior\WriteHtmlCacheBehavior [ RunTime:0.000000s ]
INFO: [ view_filter ] --END-- [ RunTime:0.000000s ]
INFO: [ app_end ] --START--
INFO: Run Behavior\ShowPageTraceBehavior [ RunTime:0.001000s ]
INFO: [ app_end ] --END-- [ RunTime:0.001000s ]

[ 2015-08-07T09:45:04+08:00 ] 127.0.0.1 /order/admin.php/Home/StartOrder/index
INFO: [ app_init ] --START--
INFO: Run Behavior\BuildLiteBehavior [ RunTime:0.000000s ]
INFO: [ app_init ] --END-- [ RunTime:0.000000s ]
INFO: [ app_begin ] --START--
INFO: Run Behavior\ReadHtmlCacheBehavior [ RunTime:0.000000s ]
INFO: [ app_begin ] --END-- [ RunTime:0.000000s ]
NOTIC: [8] A session had already been started - ignoring session_start() D:\wamp\www\order\ThinkPHP\Common\functions.php 第 1263 行.
SQL: SHOW COLUMNS FROM `think_shop` [ RunTime:0.0060s ]
SQL: SELECT * FROM `think_shop` ORDER BY order_id DESC   [ RunTime:0.0010s ]
INFO: [ view_parse ] --START--
INFO: [ template_filter ] --START--
INFO: Run Behavior\ContentReplaceBehavior [ RunTime:0.001000s ]
INFO: [ template_filter ] --END-- [ RunTime:0.001000s ]
NOTIC: [8] Undefined index: sid D:\wamp\www\order\Admin\Runtime\Cache\Home\89d15e09f61b946cc9c0bdb6f74809b4.php 第 119 行.
NOTIC: [8] Undefined index: sid D:\wamp\www\order\Admin\Runtime\Cache\Home\89d15e09f61b946cc9c0bdb6f74809b4.php 第 119 行.
NOTIC: [8] Undefined index: sid D:\wamp\www\order\Admin\Runtime\Cache\Home\89d15e09f61b946cc9c0bdb6f74809b4.php 第 119 行.
NOTIC: [8] Undefined variable: v D:\wamp\www\order\Admin\Runtime\Cache\Home\89d15e09f61b946cc9c0bdb6f74809b4.php 第 157 行.
INFO: Run Behavior\ParseTemplateBehavior [ RunTime:0.011001s ]
INFO: [ view_parse ] --END-- [ RunTime:0.011001s ]
INFO: [ view_filter ] --START--
INFO: Run Behavior\WriteHtmlCacheBehavior [ RunTime:0.001000s ]
INFO: [ view_filter ] --END-- [ RunTime:0.001000s ]
INFO: [ app_end ] --START--
INFO: Run Behavior\ShowPageTraceBehavior [ RunTime:0.001000s ]
INFO: [ app_end ] --END-- [ RunTime:0.001000s ]

[ 2015-08-07T09:58:26+08:00 ] 127.0.0.1 /order/admin.php/Home/StartOrder/index
INFO: [ app_init ] --START--
INFO: Run Behavior\BuildLiteBehavior [ RunTime:0.000000s ]
INFO: [ app_init ] --END-- [ RunTime:0.000000s ]
INFO: [ app_begin ] --START--
INFO: Run Behavior\ReadHtmlCacheBehavior [ RunTime:0.000000s ]
INFO: [ app_begin ] --END-- [ RunTime:0.000000s ]
NOTIC: [8] A session had already been started - ignoring session_start() D:\wamp\www\order\ThinkPHP\Common\functions.php 第 1263 行.
SQL: SHOW COLUMNS FROM `think_shop` [ RunTime:0.0030s ]
SQL: SELECT * FROM `think_shop` ORDER BY order_id DESC   [ RunTime:0.0000s ]
INFO: [ view_parse ] --START--
INFO: [ template_filter ] --START--
INFO: Run Behavior\ContentReplaceBehavior [ RunTime:0.000000s ]
INFO: [ template_filter ] --END-- [ RunTime:0.000000s ]
NOTIC: [8] Undefined index: sid D:\wamp\www\order\Admin\Runtime\Cache\Home\89d15e09f61b946cc9c0bdb6f74809b4.php 第 119 行.
NOTIC: [8] Undefined index: sid D:\wamp\www\order\Admin\Runtime\Cache\Home\89d15e09f61b946cc9c0bdb6f74809b4.php 第 119 行.
NOTIC: [8] Undefined index: sid D:\wamp\www\order\Admin\Runtime\Cache\Home\89d15e09f61b946cc9c0bdb6f74809b4.php 第 119 行.
NOTIC: [8] Undefined variable: v D:\wamp\www\order\Admin\Runtime\Cache\Home\89d15e09f61b946cc9c0bdb6f74809b4.php 第 157 行.
INFO: Run Behavior\ParseTemplateBehavior [ RunTime:0.012001s ]
INFO: [ view_parse ] --END-- [ RunTime:0.012001s ]
INFO: [ view_filter ] --START--
INFO: Run Behavior\WriteHtmlCacheBehavior [ RunTime:0.000000s ]
INFO: [ view_filter ] --END-- [ RunTime:0.000000s ]
INFO: [ app_end ] --START--
INFO: Run Behavior\ShowPageTraceBehavior [ RunTime:0.000000s ]
INFO: [ app_end ] --END-- [ RunTime:0.001000s ]

[ 2015-08-07T09:58:44+08:00 ] 127.0.0.1 /order/admin.php/Home/StartOrder/index
INFO: [ app_init ] --START--
INFO: Run Behavior\BuildLiteBehavior [ RunTime:0.000000s ]
INFO: [ app_init ] --END-- [ RunTime:0.000000s ]
INFO: [ app_begin ] --START--
INFO: Run Behavior\ReadHtmlCacheBehavior [ RunTime:0.000000s ]
INFO: [ app_begin ] --END-- [ RunTime:0.015600s ]
NOTIC: [8] A session had already been started - ignoring session_start() D:\wamp\www\order\ThinkPHP\Common\functions.php 第 1263 行.
SQL: SHOW COLUMNS FROM `think_shop` [ RunTime:0.0030s ]
SQL: SELECT * FROM `think_shop` ORDER BY order_id DESC   [ RunTime:0.0010s ]
INFO: [ view_parse ] --START--
INFO: [ template_filter ] --START--
INFO: Run Behavior\ContentReplaceBehavior [ RunTime:0.000000s ]
INFO: [ template_filter ] --END-- [ RunTime:0.000000s ]
NOTIC: [8] Undefined index: sid D:\wamp\www\order\Admin\Runtime\Cache\Home\89d15e09f61b946cc9c0bdb6f74809b4.php 第 119 行.
NOTIC: [8] Undefined index: sid D:\wamp\www\order\Admin\Runtime\Cache\Home\89d15e09f61b946cc9c0bdb6f74809b4.php 第 119 行.
NOTIC: [8] Undefined index: sid D:\wamp\www\order\Admin\Runtime\Cache\Home\89d15e09f61b946cc9c0bdb6f74809b4.php 第 119 行.
NOTIC: [8] Undefined variable: v D:\wamp\www\order\Admin\Runtime\Cache\Home\89d15e09f61b946cc9c0bdb6f74809b4.php 第 157 行.
INFO: Run Behavior\ParseTemplateBehavior [ RunTime:0.013001s ]
INFO: [ view_parse ] --END-- [ RunTime:0.013001s ]
INFO: [ view_filter ] --START--
INFO: Run Behavior\WriteHtmlCacheBehavior [ RunTime:0.001000s ]
INFO: [ view_filter ] --END-- [ RunTime:0.001000s ]
INFO: [ app_end ] --START--
INFO: Run Behavior\ShowPageTraceBehavior [ RunTime:0.001000s ]
INFO: [ app_end ] --END-- [ RunTime:0.001000s ]

[ 2015-08-07T10:11:11+08:00 ] 127.0.0.1 /order/admin.php/Home/StartOrder/index
INFO: [ app_init ] --START--
INFO: Run Behavior\BuildLiteBehavior [ RunTime:0.000000s ]
INFO: [ app_init ] --END-- [ RunTime:0.000000s ]
INFO: [ app_begin ] --START--
INFO: Run Behavior\ReadHtmlCacheBehavior [ RunTime:0.000000s ]
INFO: [ app_begin ] --END-- [ RunTime:0.000000s ]
NOTIC: [8] A session had already been started - ignoring session_start() D:\wamp\www\order\ThinkPHP\Common\functions.php 第 1263 行.
SQL: SHOW COLUMNS FROM `think_shop` [ RunTime:0.0050s ]
SQL: SELECT * FROM `think_shop` ORDER BY order_id DESC   [ RunTime:0.0010s ]
INFO: [ view_parse ] --START--
INFO: [ template_filter ] --START--
INFO: Run Behavior\ContentReplaceBehavior [ RunTime:0.000000s ]
INFO: [ template_filter ] --END-- [ RunTime:0.000000s ]
NOTIC: [8] Undefined index: sid D:\wamp\www\order\Admin\Runtime\Cache\Home\89d15e09f61b946cc9c0bdb6f74809b4.php 第 125 行.
NOTIC: [8] Undefined index: sid D:\wamp\www\order\Admin\Runtime\Cache\Home\89d15e09f61b946cc9c0bdb6f74809b4.php 第 125 行.
NOTIC: [8] Undefined index: sid D:\wamp\www\order\Admin\Runtime\Cache\Home\89d15e09f61b946cc9c0bdb6f74809b4.php 第 125 行.
NOTIC: [8] Undefined variable: v D:\wamp\www\order\Admin\Runtime\Cache\Home\89d15e09f61b946cc9c0bdb6f74809b4.php 第 163 行.
INFO: Run Behavior\ParseTemplateBehavior [ RunTime:0.010000s ]
INFO: [ view_parse ] --END-- [ RunTime:0.011000s ]
INFO: [ view_filter ] --START--
INFO: Run Behavior\WriteHtmlCacheBehavior [ RunTime:0.001000s ]
INFO: [ view_filter ] --END-- [ RunTime:0.001000s ]
INFO: [ app_end ] --START--
INFO: Run Behavior\ShowPageTraceBehavior [ RunTime:0.001000s ]
INFO: [ app_end ] --END-- [ RunTime:0.001000s ]

[ 2015-08-07T10:11:12+08:00 ] 127.0.0.1 /order/admin.php/Home/StartOrder/index
INFO: [ app_init ] --START--
INFO: Run Behavior\BuildLiteBehavior [ RunTime:0.000000s ]
INFO: [ app_init ] --END-- [ RunTime:0.001000s ]
INFO: [ app_begin ] --START--
INFO: Run Behavior\ReadHtmlCacheBehavior [ RunTime:0.001000s ]
INFO: [ app_begin ] --END-- [ RunTime:0.001000s ]
NOTIC: [8] A session had already been started - ignoring session_start() D:\wamp\www\order\ThinkPHP\Common\functions.php 第 1263 行.
SQL: SHOW COLUMNS FROM `think_shop` [ RunTime:0.0040s ]
SQL: SELECT * FROM `think_shop` ORDER BY order_id DESC   [ RunTime:0.0030s ]
INFO: [ view_parse ] --START--
INFO: [ template_filter ] --START--
INFO: Run Behavior\ContentReplaceBehavior [ RunTime:0.001000s ]
INFO: [ template_filter ] --END-- [ RunTime:0.001000s ]
NOTIC: [8] Undefined index: sid D:\wamp\www\order\Admin\Runtime\Cache\Home\89d15e09f61b946cc9c0bdb6f74809b4.php 第 125 行.
NOTIC: [8] Undefined index: sid D:\wamp\www\order\Admin\Runtime\Cache\Home\89d15e09f61b946cc9c0bdb6f74809b4.php 第 125 行.
NOTIC: [8] Undefined index: sid D:\wamp\www\order\Admin\Runtime\Cache\Home\89d15e09f61b946cc9c0bdb6f74809b4.php 第 125 行.
NOTIC: [8] Undefined variable: v D:\wamp\www\order\Admin\Runtime\Cache\Home\89d15e09f61b946cc9c0bdb6f74809b4.php 第 163 行.
INFO: Run Behavior\ParseTemplateBehavior [ RunTime:0.013000s ]
INFO: [ view_parse ] --END-- [ RunTime:0.013000s ]
INFO: [ view_filter ] --START--
INFO: Run Behavior\WriteHtmlCacheBehavior [ RunTime:0.001000s ]
INFO: [ view_filter ] --END-- [ RunTime:0.001000s ]
INFO: [ app_end ] --START--
INFO: Run Behavior\ShowPageTraceBehavior [ RunTime:0.001000s ]
INFO: [ app_end ] --END-- [ RunTime:0.001000s ]

[ 2015-08-07T10:11:50+08:00 ] 127.0.0.1 /order/admin.php/Home/StartOrder/index
INFO: [ app_init ] --START--
INFO: Run Behavior\BuildLiteBehavior [ RunTime:0.001000s ]
INFO: [ app_init ] --END-- [ RunTime:0.001000s ]
INFO: [ app_begin ] --START--
INFO: Run Behavior\ReadHtmlCacheBehavior [ RunTime:0.001000s ]
INFO: [ app_begin ] --END-- [ RunTime:0.001000s ]
NOTIC: [8] A session had already been started - ignoring session_start() D:\wamp\www\order\ThinkPHP\Common\functions.php 第 1263 行.
SQL: SHOW COLUMNS FROM `think_shop` [ RunTime:0.0070s ]
SQL: SELECT * FROM `think_shop` ORDER BY order_id DESC   [ RunTime:0.0010s ]
INFO: [ view_parse ] --START--
INFO: [ template_filter ] --START--
INFO: Run Behavior\ContentReplaceBehavior [ RunTime:0.000000s ]
INFO: [ template_filter ] --END-- [ RunTime:0.000000s ]
NOTIC: [8] Undefined index: sid D:\wamp\www\order\Admin\Runtime\Cache\Home\89d15e09f61b946cc9c0bdb6f74809b4.php 第 125 行.
NOTIC: [8] Undefined index: sid D:\wamp\www\order\Admin\Runtime\Cache\Home\89d15e09f61b946cc9c0bdb6f74809b4.php 第 125 行.
NOTIC: [8] Undefined index: sid D:\wamp\www\order\Admin\Runtime\Cache\Home\89d15e09f61b946cc9c0bdb6f74809b4.php 第 125 行.
NOTIC: [8] Undefined variable: v D:\wamp\www\order\Admin\Runtime\Cache\Home\89d15e09f61b946cc9c0bdb6f74809b4.php 第 163 行.
INFO: Run Behavior\ParseTemplateBehavior [ RunTime:0.012001s ]
INFO: [ view_parse ] --END-- [ RunTime:0.012001s ]
INFO: [ view_filter ] --START--
INFO: Run Behavior\WriteHtmlCacheBehavior [ RunTime:0.001000s ]
INFO: [ view_filter ] --END-- [ RunTime:0.001000s ]
INFO: [ app_end ] --START--
INFO: Run Behavior\ShowPageTraceBehavior [ RunTime:0.001000s ]
INFO: [ app_end ] --END-- [ RunTime:0.001000s ]

[ 2015-08-07T10:12:23+08:00 ] 127.0.0.1 /order/admin.php/Home/StartOrder/index
INFO: [ app_init ] --START--
INFO: Run Behavior\BuildLiteBehavior [ RunTime:0.000000s ]
INFO: [ app_init ] --END-- [ RunTime:0.000000s ]
INFO: [ app_begin ] --START--
INFO: Run Behavior\ReadHtmlCacheBehavior [ RunTime:0.000000s ]
INFO: [ app_begin ] --END-- [ RunTime:0.000000s ]
NOTIC: [8] A session had already been started - ignoring session_start() D:\wamp\www\order\ThinkPHP\Common\functions.php 第 1263 行.
SQL: SHOW COLUMNS FROM `think_shop` [ RunTime:0.0040s ]
SQL: SELECT * FROM `think_shop` ORDER BY order_id DESC   [ RunTime:0.0010s ]
INFO: [ view_parse ] --START--
INFO: [ template_filter ] --START--
INFO: Run Behavior\ContentReplaceBehavior [ RunTime:0.000000s ]
INFO: [ template_filter ] --END-- [ RunTime:0.001000s ]
NOTIC: [8] Undefined index: sid D:\wamp\www\order\Admin\Runtime\Cache\Home\89d15e09f61b946cc9c0bdb6f74809b4.php 第 126 行.
NOTIC: [8] Undefined index: sid D:\wamp\www\order\Admin\Runtime\Cache\Home\89d15e09f61b946cc9c0bdb6f74809b4.php 第 126 行.
NOTIC: [8] Undefined index: sid D:\wamp\www\order\Admin\Runtime\Cache\Home\89d15e09f61b946cc9c0bdb6f74809b4.php 第 126 行.
NOTIC: [8] Undefined variable: v D:\wamp\www\order\Admin\Runtime\Cache\Home\89d15e09f61b946cc9c0bdb6f74809b4.php 第 164 行.
INFO: Run Behavior\ParseTemplateBehavior [ RunTime:0.012001s ]
INFO: [ view_parse ] --END-- [ RunTime:0.012001s ]
INFO: [ view_filter ] --START--
INFO: Run Behavior\WriteHtmlCacheBehavior [ RunTime:0.001000s ]
INFO: [ view_filter ] --END-- [ RunTime:0.001000s ]
INFO: [ app_end ] --START--
INFO: Run Behavior\ShowPageTraceBehavior [ RunTime:0.000000s ]
INFO: [ app_end ] --END-- [ RunTime:0.001000s ]

