[ 2015-07-24T11:05:11+08:00 ] ::1 /order/admin.php
INFO: [ app_init ] --START--
INFO: Run Behavior\BuildLiteBehavior [ RunTime:0.000000s ]
INFO: [ app_init ] --END-- [ RunTime:0.001000s ]
INFO: [ app_begin ] --START--
INFO: Run Behavior\ReadHtmlCacheBehavior [ RunTime:0.002000s ]
INFO: [ app_begin ] --END-- [ RunTime:0.004000s ]
NOTIC: [8] A session had already been started - ignoring session_start() D:\wamp\www\order\ThinkPHP\Common\functions.php 第 1263 行.
INFO: [ view_parse ] --START--
INFO: [ template_filter ] --START--
INFO: Run Behavior\ContentReplaceBehavior [ RunTime:0.000000s ]
INFO: [ template_filter ] --END-- [ RunTime:0.000000s ]
INFO: Run Behavior\ParseTemplateBehavior [ RunTime:0.047002s ]
INFO: [ view_parse ] --END-- [ RunTime:0.047002s ]
INFO: [ view_filter ] --START--
INFO: Run Behavior\WriteHtmlCacheBehavior [ RunTime:0.000000s ]
INFO: [ view_filter ] --END-- [ RunTime:0.001000s ]
INFO: [ app_end ] --START--
INFO: Run Behavior\ShowPageTraceBehavior [ RunTime:0.001000s ]
INFO: [ app_end ] --END-- [ RunTime:0.001000s ]

[ 2015-07-24T11:05:12+08:00 ] ::1 /order/admin.php/Home/Common/verify
INFO: [ app_init ] --START--
INFO: Run Behavior\BuildLiteBehavior [ RunTime:0.000000s ]
INFO: [ app_init ] --END-- [ RunTime:0.000000s ]
INFO: [ app_begin ] --START--
INFO: Run Behavior\ReadHtmlCacheBehavior [ RunTime:0.001000s ]
INFO: [ app_begin ] --END-- [ RunTime:0.001000s ]
NOTIC: [8] A session had already been started - ignoring session_start() D:\wamp\www\order\ThinkPHP\Common\functions.php 第 1263 行.
INFO: [ app_end ] --START--
INFO: Run Behavior\ShowPageTraceBehavior [ RunTime:0.002000s ]
INFO: [ app_end ] --END-- [ RunTime:0.003000s ]

[ 2015-07-24T11:05:19+08:00 ] ::1 /order/admin.php/Home/Index/login
INFO: [ app_init ] --START--
INFO: Run Behavior\BuildLiteBehavior [ RunTime:0.000000s ]
INFO: [ app_init ] --END-- [ RunTime:0.001000s ]
INFO: [ app_begin ] --START--
INFO: Run Behavior\ReadHtmlCacheBehavior [ RunTime:0.003000s ]
INFO: [ app_begin ] --END-- [ RunTime:0.003000s ]
NOTIC: [8] A session had already been started - ignoring session_start() D:\wamp\www\order\ThinkPHP\Common\functions.php 第 1263 行.
SQL: SHOW COLUMNS FROM `think_user` [ RunTime:0.0030s ]
SQL: SELECT * FROM `think_user` WHERE ( username = 'q'AND password = 'b2ca678b4c936f905fb82f2733f5297f' ) LIMIT 1   [ RunTime:0.0000s ]
NOTIC: [8] Use of undefined constant username - assumed 'username' D:\wamp\www\order\Admin\Home\Controller\IndexController.class.php 第 28 行.

[ 2015-07-24T11:05:19+08:00 ] ::1 /order/admin.php/Home/OrderIndex/index.html
INFO: [ app_init ] --START--
INFO: Run Behavior\BuildLiteBehavior [ RunTime:0.000000s ]
INFO: [ app_init ] --END-- [ RunTime:0.000000s ]
INFO: [ app_begin ] --START--
INFO: Run Behavior\ReadHtmlCacheBehavior [ RunTime:0.001000s ]
INFO: [ app_begin ] --END-- [ RunTime:0.001000s ]
NOTIC: [8] A session had already been started - ignoring session_start() D:\wamp\www\order\ThinkPHP\Common\functions.php 第 1263 行.
SQL: SHOW COLUMNS FROM `think_order` [ RunTime:0.0030s ]
SQL: SELECT COUNT(*) AS tp_count FROM `think_order` LIMIT 1   [ RunTime:0.0010s ]
SQL: SELECT * FROM `think_order`  [ RunTime:0.0000s ]
NOTIC: [8] Undefined variable: list D:\wamp\www\order\Admin\Home\Controller\OrderIndexController.class.php 第 23 行.
INFO: [ view_parse ] --START--
INFO: [ template_filter ] --START--
INFO: Run Behavior\ContentReplaceBehavior [ RunTime:0.000000s ]
INFO: [ template_filter ] --END-- [ RunTime:0.000000s ]
INFO: Run Behavior\ParseTemplateBehavior [ RunTime:0.096005s ]
INFO: [ view_parse ] --END-- [ RunTime:0.096005s ]
INFO: [ view_filter ] --START--
INFO: Run Behavior\WriteHtmlCacheBehavior [ RunTime:0.001000s ]
INFO: [ view_filter ] --END-- [ RunTime:0.001000s ]
INFO: [ app_end ] --START--
INFO: Run Behavior\ShowPageTraceBehavior [ RunTime:0.000000s ]
INFO: [ app_end ] --END-- [ RunTime:0.002000s ]

[ 2015-07-24T11:40:30+08:00 ] ::1 /order/admin.php/Home/menuentry/index.html
INFO: [ app_init ] --START--
INFO: Run Behavior\BuildLiteBehavior [ RunTime:0.000000s ]
INFO: [ app_init ] --END-- [ RunTime:0.001000s ]
INFO: [ app_begin ] --START--
INFO: Run Behavior\ReadHtmlCacheBehavior [ RunTime:0.000000s ]
INFO: [ app_begin ] --END-- [ RunTime:0.001000s ]
NOTIC: [8] A session had already been started - ignoring session_start() D:\wamp\www\order\ThinkPHP\Common\functions.php 第 1263 行.
ERR: 无法加载控制器:Menuentry

[ 2015-07-24T11:40:49+08:00 ] ::1 /order/admin.php/Home/MenuEntry/index.html
INFO: [ app_init ] --START--
INFO: Run Behavior\BuildLiteBehavior [ RunTime:0.000000s ]
INFO: [ app_init ] --END-- [ RunTime:0.000000s ]
INFO: [ app_begin ] --START--
INFO: Run Behavior\ReadHtmlCacheBehavior [ RunTime:0.002000s ]
INFO: [ app_begin ] --END-- [ RunTime:0.003000s ]
NOTIC: [8] A session had already been started - ignoring session_start() D:\wamp\www\order\ThinkPHP\Common\functions.php 第 1263 行.
INFO: [ view_parse ] --START--
INFO: [ template_filter ] --START--
INFO: Run Behavior\ContentReplaceBehavior [ RunTime:0.000000s ]
INFO: [ template_filter ] --END-- [ RunTime:0.001000s ]
NOTIC: [8] Undefined variable: title D:\wamp\www\order\Admin\Runtime\Cache\Home\5810e30ad494877eeb74b2a9c15f6199.php 第 5 行.
NOTIC: [8] Undefined variable: username D:\wamp\www\order\Admin\Runtime\Cache\Home\5810e30ad494877eeb74b2a9c15f6199.php 第 31 行.
NOTIC: [8] Undefined variable: username D:\wamp\www\order\Admin\Runtime\Cache\Home\5810e30ad494877eeb74b2a9c15f6199.php 第 31 行.
NOTIC: [8] Undefined variable: username D:\wamp\www\order\Admin\Runtime\Cache\Home\5810e30ad494877eeb74b2a9c15f6199.php 第 151 行.
NOTIC: [8] Undefined variable: order_list D:\wamp\www\order\Admin\Runtime\Cache\Home\5810e30ad494877eeb74b2a9c15f6199.php 第 160 行.
NOTIC: [8] Undefined variable: page_method D:\wamp\www\order\Admin\Runtime\Cache\Home\5810e30ad494877eeb74b2a9c15f6199.php 第 188 行.
INFO: Run Behavior\ParseTemplateBehavior [ RunTime:0.015001s ]
INFO: [ view_parse ] --END-- [ RunTime:0.015001s ]
INFO: [ view_filter ] --START--
INFO: Run Behavior\WriteHtmlCacheBehavior [ RunTime:0.000000s ]
INFO: [ view_filter ] --END-- [ RunTime:0.000000s ]
INFO: [ app_end ] --START--
INFO: Run Behavior\ShowPageTraceBehavior [ RunTime:0.000000s ]
INFO: [ app_end ] --END-- [ RunTime:0.000000s ]

[ 2015-07-24T11:41:11+08:00 ] ::1 /order/admin.php/Home/MenuEntry/index.html
INFO: [ app_init ] --START--
INFO: Run Behavior\BuildLiteBehavior [ RunTime:0.000000s ]
INFO: [ app_init ] --END-- [ RunTime:0.000000s ]
INFO: [ app_begin ] --START--
INFO: Run Behavior\ReadHtmlCacheBehavior [ RunTime:0.000000s ]
INFO: [ app_begin ] --END-- [ RunTime:0.000000s ]
NOTIC: [8] A session had already been started - ignoring session_start() D:\wamp\www\order\ThinkPHP\Common\functions.php 第 1263 行.
INFO: [ view_parse ] --START--
INFO: [ template_filter ] --START--
INFO: Run Behavior\ContentReplaceBehavior [ RunTime:0.001000s ]
INFO: [ template_filter ] --END-- [ RunTime:0.001000s ]
NOTIC: [8] Undefined variable: title D:\wamp\www\order\Admin\Runtime\Cache\Home\5810e30ad494877eeb74b2a9c15f6199.php 第 5 行.
NOTIC: [8] Undefined variable: username D:\wamp\www\order\Admin\Runtime\Cache\Home\5810e30ad494877eeb74b2a9c15f6199.php 第 31 行.
NOTIC: [8] Undefined variable: username D:\wamp\www\order\Admin\Runtime\Cache\Home\5810e30ad494877eeb74b2a9c15f6199.php 第 31 行.
NOTIC: [8] Undefined variable: username D:\wamp\www\order\Admin\Runtime\Cache\Home\5810e30ad494877eeb74b2a9c15f6199.php 第 151 行.
NOTIC: [8] Undefined variable: order_list D:\wamp\www\order\Admin\Runtime\Cache\Home\5810e30ad494877eeb74b2a9c15f6199.php 第 160 行.
NOTIC: [8] Undefined variable: page_method D:\wamp\www\order\Admin\Runtime\Cache\Home\5810e30ad494877eeb74b2a9c15f6199.php 第 188 行.
INFO: Run Behavior\ParseTemplateBehavior [ RunTime:0.030601s ]
INFO: [ view_parse ] --END-- [ RunTime:0.030601s ]
INFO: [ view_filter ] --START--
INFO: Run Behavior\WriteHtmlCacheBehavior [ RunTime:0.000000s ]
INFO: [ view_filter ] --END-- [ RunTime:0.000000s ]
INFO: [ app_end ] --START--
INFO: Run Behavior\ShowPageTraceBehavior [ RunTime:0.001000s ]
INFO: [ app_end ] --END-- [ RunTime:0.001000s ]

