[ 2015-08-09T12:08:34+08:00 ] 127.0.0.1 /order/admin.php/order/getmenus/id/%E8%AF%B7%E9%80%89%E6%8B%A9%E6%89%80%E5%9C%A8%E7%9C%81%E4%BB%BD
INFO: [ app_init ] --START--
INFO: Run Behavior\BuildLiteBehavior [ RunTime:0.000000s ]
INFO: [ app_init ] --END-- [ RunTime:0.002000s ]
ERR: 无法加载模块:Order

[ 2015-08-09T12:08:36+08:00 ] 127.0.0.1 /order/admin.php/order/getmenus/id/2
INFO: [ app_init ] --START--
INFO: Run Behavior\BuildLiteBehavior [ RunTime:0.000000s ]
INFO: [ app_init ] --END-- [ RunTime:0.001000s ]
ERR: 无法加载模块:Order

[ 2015-08-09T12:08:39+08:00 ] 127.0.0.1 /order/admin.php/order/getmenus/id/1
INFO: [ app_init ] --START--
INFO: Run Behavior\BuildLiteBehavior [ RunTime:0.000000s ]
INFO: [ app_init ] --END-- [ RunTime:0.002000s ]
ERR: 无法加载模块:Order

[ 2015-08-09T12:08:53+08:00 ] 127.0.0.1 /order/admin.php/order/getmenus/id/%E8%AF%B7%E9%80%89%E6%8B%A9%E6%89%80%E5%9C%A8%E7%9C%81%E4%BB%BD
INFO: [ app_init ] --START--
INFO: Run Behavior\BuildLiteBehavior [ RunTime:0.000000s ]
INFO: [ app_init ] --END-- [ RunTime:0.000000s ]
ERR: 无法加载模块:Order

[ 2015-08-09T12:08:55+08:00 ] 127.0.0.1 /order/admin.php/order/getmenus/id/1
INFO: [ app_init ] --START--
INFO: Run Behavior\BuildLiteBehavior [ RunTime:0.000000s ]
INFO: [ app_init ] --END-- [ RunTime:0.000000s ]
ERR: 无法加载模块:Order

[ 2015-08-09T12:08:56+08:00 ] 127.0.0.1 /order/admin.php/order/getmenus/id/2
INFO: [ app_init ] --START--
INFO: Run Behavior\BuildLiteBehavior [ RunTime:0.000000s ]
INFO: [ app_init ] --END-- [ RunTime:0.001000s ]
ERR: 无法加载模块:Order

